2004-10-12 Tuesday
2019-04-19 Friday
2118-01-17 Monday
2094-03-14 Sunday
2244-06-10 Monday
2022-02-21 Monday
2259-05-13 Friday
2188-06-12 Thursday
2031-11-18 Tuesday
2169-08-27 Sunday
2007-02-02 Friday
2193-07-31 Wednesday
2185-04-26 Tuesday
2163-07-31 Sunday
2258-06-26 Saturday
2025-03-08 Saturday
2083-07-27 Tuesday
2229-09-09 Wednesday
2233-12-31 Tuesday
2126-04-21 Sunday
2078-07-28 Thursday
2194-09-15 Monday
2045-01-24 Tuesday
2142-10-05 Friday
2238-03-13 Tuesday
2255-09-17 Monday
2256-09-22 Monday
2006-08-06 Sunday
2270-12-22 Thursday
2000-08-22 Tuesday
2015-10-12 Monday
2218-10-09 Friday
2089-04-05 Tuesday
2014-09-28 Sunday
2120-03-24 Sunday
2024-02-14 Wednesday
2223-12-29 Monday
2244-05-26 Sunday
2206-04-07 Monday
2090-10-17 Tuesday
2116-12-06 Sunday
2210-09-17 Monday
2116-11-24 Tuesday
2014-07-29 Tuesday
2111-07-10 Friday
2040-07-25 Wednesday
2005-05-16 Monday
2208-07-06 Wednesday
2242-06-28 Tuesday
2001-07-16 Monday
2269-04-02 Friday
2081-07-20 Sunday
2228-02-13 Wednesday
2214-12-11 Sunday
2263-06-11 Thursday
2214-03-06 Sunday
2105-12-16 Wednesday
2270-04-08 Friday
2002-12-04 Wednesday
2066-09-23 Thursday
2154-11-02 Saturday
2013-05-26 Sunday
2034-08-17 Thursday
2249-12-11 Tuesday
2101-09-23 Friday
2234-09-23 Tuesday
2131-11-29 Thursday
2000-12-27 Wednesday
2070-12-19 Friday
2037-01-27 Tuesday
2040-08-13 Monday
2118-08-16 Tuesday
2258-08-02 Monday
2225-02-05 Saturday
2130-08-07 Monday
2273-05-31 Saturday
2188-05-09 Friday
2048-12-08 Tuesday
2209-12-20 Wednesday
2005-09-18 Sunday
2212-05-22 Friday
2248-05-07 Sunday
2254-06-13 Tuesday
2019-10-05 Saturday
2159-04-08 Sunday
2013-03-05 Tuesday
2189-04-09 Thursday
2166-06-25 Wednesday
2241-06-20 Sunday
2226-08-05 Saturday
2027-08-30 Monday
2014-07-28 Monday
2153-01-15 Monday
2075-06-21 Friday
2118-01-22 Saturday
2108-01-07 Saturday
2182-06-20 Thursday
2024-09-26 Thursday
2129-01-07 Friday
2015-01-17 Saturday
2252-05-05 Wednesday
2025-10-25 Saturday
2048-08-11 Tuesday
2145-06-19 Saturday
2015-12-28 Monday
2247-06-20 Sunday
2178-08-28 Friday
2102-01-14 Saturday
2165-04-24 Wednesday
2139-02-15 Sunday
2185-11-26 Saturday
2037-05-07 Thursday
2064-03-01 Saturday
2257-04-06 Monday
2081-03-02 Sunday
2114-03-23 Friday
2269-10-23 Saturday
2180-05-09 Tuesday
2046-06-29 Friday
2073-08-07 Monday
2001-01-24 Wednesday
2089-12-12 Monday
2248-06-20 Tuesday
2250-10-17 Thursday
2223-11-18 Tuesday
2082-07-04 Saturday
2044-03-20 Sunday
2241-11-06 Saturday
2067-06-03 Friday
2121-12-21 Sunday
2203-07-12 Tuesday
2133-01-24 Saturday
2017-10-11 Wednesday
2083-08-01 Sunday
2104-11-23 Sunday
2187-08-21 Tuesday
2020-09-12 Saturday
2181-11-25 Sunday
2196-03-13 Sunday
2103-02-24 Saturday
2209-12-08 Friday
2130-05-13 Saturday
2178-07-27 Monday
2026-08-18 Tuesday
2012-10-12 Friday
2004-10-13 Wednesday
2062-03-18 Saturday
2112-10-24 Monday
2003-06-28 Saturday
2101-01-25 Tuesday
2183-02-07 Friday
2148-11-12 Tuesday
2257-10-06 Tuesday
2237-12-19 Tuesday
2010-11-16 Tuesday
2231-12-25 Sunday
2181-05-23 Wednesday
2048-08-28 Friday
2027-01-28 Thursday
2154-03-28 Thursday
2167-12-05 Saturday
2063-07-27 Friday
2052-09-23 Monday
2060-01-31 Saturday
2094-05-09 Sunday
2177-09-27 Saturday
2240-05-25 Monday
2115-12-07 Saturday
2095-08-11 Thursday
2006-02-08 Wednesday
2245-12-22 Monday
2065-06-02 Tuesday
2075-12-01 Sunday
2248-02-23 Wednesday
2040-12-19 Wednesday
2179-05-31 Monday
2136-01-29 Sunday
2029-07-17 Tuesday
2080-04-21 Sunday
2190-09-25 Saturday
2036-09-19 Friday
2091-01-01 Monday
2010-07-09 Friday
2206-02-08 Saturday
2087-07-14 Monday
2098-01-03 Friday
2125-08-11 Saturday
2086-01-06 Sunday
2261-01-16 Wednesday
2134-11-15 Monday
2035-05-03 Thursday
2029-12-07 Friday
2226-11-12 Sunday
2148-08-31 Saturday
2056-01-30 Sunday
2015-08-27 Thursday
2006-12-27 Wednesday
2002-07-09 Tuesday
2053-11-13 Thursday
2022-01-21 Friday
2208-08-10 Wednesday
2064-10-16 Thursday
2026-01-01 Thursday
2183-10-18 Saturday
2186-09-10 Sunday
2036-08-23 Saturday
2023-12-16 Saturday
2159-08-04 Saturday
2099-05-01 Friday
2202-06-16 Wednesday
2185-05-31 Tuesday
2100-09-13 Monday
2080-04-15 Monday
2081-09-09 Tuesday
2151-03-03 Wednesday
2188-11-13 Thursday
2073-05-07 Sunday
2048-05-06 Wednesday
2191-07-24 Sunday
2218-05-11 Monday
2008-07-21 Monday
2089-01-30 Sunday
2065-07-30 Thursday
2181-12-17 Monday
2114-09-27 Thursday
2043-09-19 Saturday
2168-03-28 Monday
2118-10-13 Thursday
2217-10-25 Saturday
2167-05-02 Saturday
2106-10-04 Monday
2101-02-25 Friday
2025-01-24 Friday
2223-01-16 Thursday
2036-07-21 Monday
2259-03-05 Saturday
2003-07-21 Monday
2261-05-09 Thursday
2243-05-22 Monday
2192-01-01 Sunday
2249-12-21 Friday
2168-08-01 Monday
2264-04-11 Monday
2000-10-06 Friday
2267-01-18 Friday
2011-10-25 Tuesday
2018-07-26 Thursday
2171-01-31 Thursday
2127-05-10 Saturday
2053-08-08 Friday
2204-03-11 Sunday
2077-06-04 Friday
2196-08-26 Friday
2066-02-15 Monday
2135-04-30 Saturday
2252-05-01 Saturday
2108-04-28 Saturday
2080-01-27 Saturday
2223-10-25 Saturday
2045-04-09 Sunday
2242-01-27 Thursday
2174-10-12 Wednesday
2008-10-07 Tuesday
2039-09-18 Sunday
2058-12-26 Thursday
2171-08-30 Friday
2051-10-07 Saturday
2209-12-18 Monday
2041-05-17 Friday
2198-02-17 Saturday
2143-11-23 Saturday
2114-03-21 Wednesday
2258-12-11 Saturday
2195-07-28 Tuesday
2082-12-10 Thursday
2212-02-12 Wednesday
2044-12-08 Thursday
2123-03-14 Sunday
2232-05-26 Saturday
2105-12-27 Sunday
2018-01-26 Friday
2022-07-06 Wednesday
2032-10-20 Wednesday
2007-01-29 Monday
2010-08-01 Sunday
2089-10-31 Monday
2165-07-05 Friday
2016-10-18 Tuesday
2083-08-06 Friday
2020-10-02 Friday
2191-02-25 Friday
2016-07-12 Tuesday
2006-02-06 Monday
2012-02-27 Monday
2048-03-11 Wednesday
2191-01-15 Saturday
2146-02-22 Tuesday
2218-04-07 Tuesday
2092-03-21 Friday
2107-06-26 Sunday
2245-11-19 Wednesday
2075-11-05 Tuesday
2117-01-10 Sunday
2173-06-08 Tuesday
2201-02-28 Saturday
2161-11-07 Saturday
2087-04-26 Saturday
2067-09-08 Thursday
2081-05-03 Saturday
2150-03-09 Monday
2197-12-21 Thursday
2067-07-01 Friday
2198-04-15 Sunday
2259-06-17 Friday
2206-10-05 Sunday
2189-05-27 Wednesday
2230-10-28 Thursday
2042-07-07 Monday
2205-12-17 Tuesday
2198-11-06 Tuesday
2045-08-24 Thursday
2215-07-19 Wednesday
2162-03-26 Friday
2031-02-25 Tuesday
2112-02-02 Tuesday
2273-02-17 Monday
2103-01-20 Saturday
2018-05-24 Thursday
2089-03-24 Thursday
2267-02-17 Sunday
2099-02-27 Friday
2143-04-19 Friday
2249-12-25 Tuesday
2244-04-01 Monday
2135-11-05 Saturday
2216-01-27 Saturday
2001-06-15 Friday
2006-07-02 Sunday
2028-04-19 Wednesday
2139-07-22 Wednesday
2096-09-16 Sunday
2117-03-18 Thursday
2005-12-03 Saturday
2272-12-19 Thursday
2163-07-28 Thursday
2026-02-12 Thursday
2062-02-05 Sunday
2023-01-15 Sunday
2124-04-15 Saturday
2216-12-15 Sunday
2170-01-09 Tuesday
2028-10-04 Wednesday
2138-10-09 Thursday
2045-06-04 Sunday
2115-09-19 Thursday
2148-03-11 Monday
2203-07-15 Friday
2205-08-18 Sunday
2189-12-12 Saturday
2215-05-30 Tuesday
2122-02-04 Wednesday
2081-01-10 Friday
2137-06-08 Saturday
2110-02-03 Monday
2090-11-03 Friday
2012-05-13 Sunday
2056-02-01 Tuesday
2219-09-27 Monday
2047-08-06 Tuesday
2045-08-29 Tuesday
2081-07-26 Saturday
2052-10-17 Thursday
2021-05-21 Friday
2081-12-19 Friday
2147-01-14 Saturday
2261-10-16 Wednesday
2090-10-23 Monday
2200-12-06 Saturday
2130-12-04 Monday
2107-09-15 Thursday
2017-05-05 Friday
2225-11-19 Saturday
2010-10-19 Tuesday
2234-01-09 Thursday
2097-08-17 Saturday
2038-12-22 Wednesday
2144-11-05 Thursday
2076-01-11 Saturday
2076-05-29 Friday
2180-05-14 Sunday
2195-10-02 Friday
2025-02-11 Tuesday
2092-05-05 Monday
2010-08-10 Tuesday
2139-06-06 Saturday
2211-08-28 Wednesday
2019-05-27 Monday
2068-01-30 Monday
2131-05-10 Thursday
2028-02-11 Friday
2245-04-05 Saturday
2106-07-10 Saturday
2006-11-15 Wednesday
2011-04-27 Wednesday
2164-01-10 Tuesday
2228-07-04 Friday
2155-07-09 Wednesday
2024-06-04 Tuesday
2027-03-03 Wednesday
2186-12-08 Friday
2012-10-03 Wednesday
2033-08-04 Thursday
2270-12-21 Wednesday
2093-10-04 Sunday
2206-06-19 Thursday
2048-04-15 Wednesday
2069-11-23 Saturday
2013-04-28 Sunday
2216-01-25 Thursday
2040-02-04 Saturday
2194-12-16 Tuesday
2045-10-17 Tuesday
2133-09-09 Wednesday
2271-09-30 Saturday
2235-12-10 Thursday
2107-02-13 Sunday
2167-11-24 Tuesday
2233-04-16 Tuesday
2004-07-25 Sunday
2031-09-18 Thursday
2198-11-10 Saturday
2159-06-14 Thursday
2133-06-14 Sunday
2113-11-19 Sunday
2246-09-29 Tuesday
2209-07-04 Tuesday
2058-12-18 Wednesday
2075-10-16 Wednesday
2258-09-07 Tuesday
2036-03-09 Sunday
2144-11-19 Thursday
2181-05-20 Sunday
2243-04-04 Tuesday
2071-02-20 Friday
2029-06-25 Monday
2024-02-28 Wednesday
2244-02-15 Thursday
2001-11-28 Wednesday
2062-02-13 Monday
2123-07-04 Sunday
2154-12-09 Monday
2138-03-08 Saturday
2071-09-03 Thursday
2055-02-26 Friday
2015-03-18 Wednesday
2022-05-21 Saturday
2129-03-25 Friday
2260-10-14 Sunday
2159-03-26 Monday
2110-06-22 Sunday
2073-04-24 Monday
2101-11-23 Wednesday
2250-03-12 Tuesday
2188-06-22 Sunday
2196-12-01 Thursday
2073-10-24 Tuesday
2017-07-20 Thursday
2100-12-28 Tuesday
2171-02-06 Wednesday
2083-10-07 Thursday
2026-10-09 Friday
2012-03-10 Saturday
2215-03-26 Sunday
2000-04-10 Monday
2146-01-20 Thursday
2068-09-25 Tuesday
2195-05-01 Friday
2155-06-11 Wednesday
2139-05-04 Monday
2166-02-19 Wednesday
2217-02-19 Wednesday
2223-11-19 Wednesday
2207-10-24 Saturday
2065-03-15 Sunday
2178-05-18 Monday
2072-09-11 Sunday
2268-12-19 Saturday
2191-05-02 Monday
2014-06-25 Wednesday
2060-07-11 Sunday
2179-10-04 Monday
2017-01-01 Sunday
2030-10-26 Saturday
2234-12-19 Friday
2132-01-21 Monday
2088-08-06 Friday
2238-11-18 Sunday
2124-03-18 Saturday
2037-09-18 Friday
2223-07-30 Wednesday
2008-02-14 Thursday
2033-08-07 Sunday
2124-04-04 Tuesday
2035-02-16 Friday
2142-10-09 Tuesday
2231-01-08 Saturday
2263-07-25 Saturday
2035-03-31 Saturday
2189-05-07 Thursday
2258-10-06 Wednesday
2203-07-05 Tuesday
2157-01-25 Tuesday
2271-09-14 Thursday
2228-12-03 Wednesday
2201-01-28 Wednesday
2186-01-01 Sunday
2025-06-20 Friday
2073-11-11 Saturday
2009-09-29 Tuesday
2243-04-26 Wednesday
2270-11-21 Monday
2223-08-02 Saturday
2161-01-08 Thursday
2068-11-17 Saturday
2087-06-02 Monday
2244-11-19 Tuesday
2091-04-16 Monday
2002-07-06 Saturday
2207-06-13 Saturday
2273-04-01 Tuesday
2061-07-05 Tuesday
2059-07-21 Monday
2050-05-11 Wednesday
2113-05-07 Sunday
2196-05-27 Friday
2266-09-03 Monday
2245-09-18 Thursday
2086-05-13 Monday
2191-12-05 Monday
2092-11-06 Thursday
2106-04-27 Tuesday
2026-07-31 Friday
2092-08-12 Tuesday
2210-01-03 Wednesday
2096-05-01 Tuesday
2077-05-29 Saturday
2098-03-30 Sunday
2187-11-27 Tuesday
2084-02-14 Monday
2182-03-03 Sunday
2193-03-30 Saturday
2060-09-16 Thursday
2061-12-26 Monday
2239-10-09 Wednesday
2016-12-09 Friday
2147-06-01 Thursday
2253-07-16 Saturday
2081-11-19 Wednesday
2252-08-07 Saturday
2106-02-20 Saturday
2165-12-09 Monday
2110-06-01 Sunday
2262-07-08 Tuesday
2051-03-04 Saturday
2205-12-17 Tuesday
2116-08-06 Thursday
2153-02-10 Saturday
2080-03-17 Sunday
2155-06-23 Monday
2106-04-03 Saturday
2194-12-06 Saturday
2236-09-24 Saturday
2166-07-15 Tuesday
2162-07-29 Thursday
2116-08-07 Friday
2233-10-23 Wednesday
2247-01-24 Sunday
2113-09-29 Friday
2269-12-01 Wednesday
2173-07-22 Thursday
2132-06-03 Tuesday
2011-07-26 Tuesday
2016-10-03 Monday
2201-12-11 Friday
2034-08-24 Thursday
2015-04-08 Wednesday
2013-06-16 Sunday
2053-05-15 Thursday
2159-11-21 Wednesday
2114-11-20 Tuesday
2057-11-20 Tuesday
2042-09-29 Monday
2006-06-08 Thursday
2190-10-28 Thursday
2012-09-14 Friday
2226-03-18 Saturday
2270-03-25 Friday
2219-10-29 Friday
2008-02-01 Friday
2240-09-03 Thursday
2184-02-25 Wednesday
2121-07-30 Wednesday
2014-02-08 Saturday
2060-01-05 Monday
2193-09-23 Monday
2143-08-21 Wednesday
2202-07-01 Thursday
2009-01-28 Wednesday
2051-08-29 Tuesday
2270-08-08 Monday
2142-12-23 Sunday
2099-06-07 Sunday
2106-03-10 Wednesday
2027-05-11 Tuesday
2035-05-01 Tuesday
2260-08-23 Thursday
2166-10-29 Wednesday
2129-07-29 Friday
2130-02-05 Sunday
2126-05-19 Sunday
2094-11-21 Sunday
2015-09-09 Wednesday
2161-07-13 Monday
2036-05-29 Thursday
2245-09-30 Tuesday
2106-01-27 Wednesday
2100-02-15 Monday
2020-03-06 Friday
2100-02-10 Wednesday
2215-02-21 Tuesday
2195-06-07 Sunday
2003-05-09 Friday
2242-06-04 Saturday
2106-06-10 Thursday
2028-11-13 Monday
2095-02-20 Sunday
2144-09-21 Monday
2123-12-19 Sunday
2120-03-26 Tuesday
2253-10-25 Tuesday
2053-02-07 Friday
2079-03-24 Friday
2090-02-16 Thursday
2070-01-27 Monday
2056-08-25 Friday
2088-04-03 Saturday
2220-04-06 Thursday
2255-11-13 Tuesday
2002-04-24 Wednesday
2212-05-08 Friday
2081-03-19 Wednesday
2024-02-12 Monday
2225-11-21 Monday
2148-05-14 Tuesday
2004-10-21 Thursday
2020-01-27 Monday
2110-03-06 Thursday
2127-03-02 Sunday
2000-04-09 Sunday
2013-07-23 Tuesday
2221-08-31 Friday
2021-01-09 Saturday
2045-04-18 Tuesday
2134-08-20 Friday
2100-04-14 Wednesday
2164-09-07 Friday
2267-12-12 Thursday
2203-07-21 Thursday
2114-12-06 Thursday
2128-08-27 Friday
2054-03-19 Thursday
2202-04-25 Sunday
2013-04-23 Tuesday
2001-03-03 Saturday
2072-10-10 Monday
2003-07-19 Saturday
2176-12-31 Tuesday
2230-04-06 Tuesday
2196-05-12 Thursday
2066-08-13 Friday
2124-12-13 Wednesday
2033-04-20 Wednesday
2057-01-20 Saturday
2075-11-24 Sunday
2026-09-03 Thursday
2195-09-04 Friday
2251-10-09 Thursday
2247-12-15 Wednesday
2272-02-23 Friday
2129-03-02 Wednesday
2094-06-19 Saturday
2095-04-04 Monday
2223-07-09 Wednesday
2229-01-23 Friday
2118-06-16 Thursday
2169-09-19 Tuesday
2199-07-25 Thursday
2026-06-29 Monday
2034-09-03 Sunday
2114-11-09 Friday
2061-03-05 Saturday
2036-01-07 Monday
2000-03-20 Monday
2035-04-23 Monday
2023-01-15 Sunday
2148-03-12 Tuesday
2195-12-13 Sunday
2000-12-29 Friday
2258-12-31 Friday
2146-06-15 Wednesday
2116-09-17 Thursday
2245-03-17 Monday
2036-05-11 Sunday
2031-11-16 Sunday
2260-06-02 Saturday
2213-03-09 Tuesday
2206-11-23 Sunday
2241-10-15 Friday
2000-01-02 Sunday
2013-12-20 Friday
2129-06-10 Friday
2113-12-09 Saturday
2048-09-11 Friday
2201-03-31 Tuesday
2094-06-17 Thursday
2221-09-25 Tuesday
2230-06-28 Monday
2051-07-09 Sunday
2048-09-09 Wednesday
2239-10-16 Wednesday
2015-07-09 Thursday
2222-04-12 Friday
2007-07-04 Wednesday
2147-09-06 Wednesday
2054-05-21 Thursday
2069-03-14 Thursday
2144-04-13 Monday
2152-12-28 Thursday
2154-03-16 Saturday
2225-01-11 Tuesday
2226-04-02 Sunday
2228-08-29 Friday
2002-08-23 Friday
2123-09-14 Tuesday
2273-07-31 Thursday
2249-06-21 Thursday
2219-07-14 Wednesday
2223-10-30 Thursday
2248-05-12 Friday
2247-04-05 Monday
2114-09-01 Saturday
2025-02-06 Thursday
2036-03-29 Saturday
2221-06-27 Wednesday
2023-12-08 Friday
2232-04-20 Friday
2236-04-13 Wednesday
2047-11-18 Monday
2050-03-02 Wednesday
2132-08-05 Tuesday
2090-12-19 Tuesday
2065-08-25 Tuesday
2203-03-18 Friday
2255-06-05 Tuesday
2011-02-19 Saturday
2064-10-13 Monday
2083-02-13 Saturday
2218-07-10 Friday
2224-07-04 Sunday
2089-04-13 Wednesday
2047-09-23 Monday
2234-05-22 Thursday
2134-08-18 Wednesday
2194-04-29 Tuesday
2255-06-12 Tuesday
2257-02-23 Monday
2130-04-29 Saturday
2046-02-27 Tuesday
2133-08-17 Monday
2035-12-01 Saturday
2035-12-21 Friday
2024-07-27 Saturday
2102-02-21 Tuesday
2121-08-28 Thursday
2019-06-04 Tuesday
2179-04-01 Thursday
2160-11-07 Friday
2212-10-28 Wednesday
2090-10-28 Saturday
2174-03-15 Tuesday
2021-05-31 Monday
2088-10-26 Tuesday
2097-01-05 Saturday
2112-02-24 Wednesday
2198-09-26 Wednesday
2070-04-05 Saturday
2269-01-20 Wednesday
2092-05-02 Friday
2059-04-20 Sunday
2256-12-02 Tuesday
2137-08-03 Saturday
2170-04-12 Thursday
2107-01-28 Friday
2091-05-05 Saturday
2176-01-20 Saturday
2158-02-12 Sunday
2106-04-02 Friday
2252-11-11 Thursday
2127-04-19 Saturday
2271-01-08 Sunday
2073-01-12 Thursday
2260-10-07 Sunday
2139-12-16 Wednesday
2065-06-06 Saturday
2015-03-12 Thursday
2010-10-30 Saturday
2142-04-23 Monday
2130-08-08 Tuesday
2255-06-26 Tuesday
2034-02-09 Thursday
2068-02-04 Saturday
2113-07-18 Tuesday
2012-07-03 Tuesday
2261-02-28 Thursday
2245-11-01 Saturday
2081-01-27 Monday
2266-07-07 Saturday
2207-06-12 Friday
2229-08-30 Sunday
2101-11-21 Monday
2042-06-10 Tuesday
2092-08-16 Saturday
2017-03-16 Thursday
2197-08-21 Monday
2176-05-02 Thursday
2160-07-15 Tuesday
2147-10-06 Friday
2114-08-24 Friday
2232-08-28 Tuesday
2125-09-12 Wednesday
2099-01-15 Thursday
2000-02-09 Wednesday
2236-05-08 Sunday
2007-01-04 Thursday
2018-04-11 Wednesday
2190-07-16 Friday
2242-04-24 Sunday
2075-08-30 Friday
2088-01-24 Saturday
2080-12-22 Sunday
2014-06-16 Monday
2003-10-30 Thursday
2146-07-25 Monday
2004-12-20 Monday
2135-09-16 Friday
2064-10-04 Saturday
2036-05-12 Monday
2079-01-04 Wednesday
2273-02-09 Sunday
2257-05-12 Tuesday
2086-12-07 Saturday
2127-05-26 Monday
2207-04-06 Monday
2040-02-15 Wednesday
2190-02-01 Monday
2109-07-07 Sunday
2208-11-25 Friday
2137-09-18 Wednesday
2231-05-11 Wednesday
2181-04-24 Tuesday
2115-04-10 Wednesday
2015-08-06 Thursday
2002-08-12 Monday
2119-12-11 Monday
2151-03-02 Tuesday
2153-01-02 Tuesday
2178-09-25 Friday
2083-04-15 Thursday
2222-05-04 Saturday
2026-02-03 Tuesday
2113-10-09 Monday
2164-09-16 Sunday
2147-02-28 Tuesday
2001-01-17 Wednesday
2188-01-06 Sunday
2045-05-06 Saturday
2199-04-02 Tuesday
2115-08-25 Sunday
2190-05-02 Sunday
2070-08-01 Friday
2213-05-09 Sunday
2206-12-26 Friday
2063-04-11 Wednesday
2047-03-02 Saturday
2067-10-16 Sunday
2018-08-04 Saturday
2200-11-21 Friday
2236-08-14 Sunday
2040-08-24 Friday
2011-02-27 Sunday
2224-01-29 Thursday
2081-09-04 Thursday
2172-12-14 Monday
2208-06-16 Thursday
2010-02-21 Sunday
2229-09-08 Tuesday
2017-05-08 Monday
2080-07-14 Sunday
2029-12-03 Monday
2098-11-24 Monday
2077-07-21 Wednesday
2244-07-13 Saturday
2151-09-30 Thursday
2118-04-13 Wednesday
2141-01-04 Wednesday
2079-12-01 Friday
2182-07-06 Saturday
2012-07-05 Thursday
2127-06-29 Sunday
2008-12-07 Sunday
2203-04-28 Thursday
2167-11-05 Thursday
2229-07-03 Friday
2194-11-29 Saturday
2025-11-04 Tuesday
2151-03-29 Monday
2080-02-15 Thursday
2068-09-20 Thursday
2083-03-18 Thursday
2025-06-17 Tuesday
2177-05-22 Thursday
2050-09-25 Sunday
2048-01-21 Tuesday
2198-09-20 Thursday
2158-08-18 Friday
2046-01-08 Monday
2028-03-21 Tuesday
2101-09-14 Wednesday
2180-06-28 Wednesday
2126-07-01 Monday
2019-12-17 Tuesday
2197-12-04 Monday
2193-05-22 Wednesday
2170-06-29 Friday
2012-10-15 Monday
2083-08-07 Saturday
2169-08-04 Friday
2110-03-13 Thursday
2249-11-03 Saturday
2007-03-28 Wednesday
2134-09-08 Wednesday
2061-11-07 Monday
2254-12-11 Monday
2066-06-23 Wednesday
2041-12-20 Friday
2215-09-11 Monday
2088-06-12 Saturday
2059-12-03 Wednesday
2023-01-16 Monday
2010-04-24 Saturday
2114-06-16 Saturday
2228-11-06 Thursday
2173-08-21 Saturday
2047-08-06 Tuesday
2028-12-15 Friday
2252-08-15 Sunday
2217-05-15 Thursday
2075-02-16 Saturday
2193-06-21 Friday
2184-04-12 Monday
2021-10-27 Wednesday
2220-11-19 Sunday
2048-09-13 Sunday
2190-02-12 Friday
2009-01-04 Sunday
2018-10-29 Monday
2176-10-20 Sunday
2055-02-23 Tuesday
2026-07-05 Sunday
2135-11-22 Tuesday
2120-10-14 Monday
2217-08-03 Sunday
2039-02-22 Tuesday
2250-07-19 Friday
2011-12-26 Monday
2014-07-05 Saturday
2068-04-07 Saturday
2126-07-24 Wednesday
2186-02-21 Tuesday
2056-04-24 Monday
2080-04-22 Monday
2163-09-06 Tuesday
2161-02-15 Sunday
2099-05-12 Tuesday
2004-09-07 Tuesday
2070-06-23 Monday
2000-12-05 Tuesday
2097-12-12 Thursday
2009-03-13 Friday
2017-03-03 Friday
